[0.258s] Invoking command in '/home/justin/sim_ws/src/build/turtlebot3_gazebo': CMAKE_PREFIX_PATH=${CMAKE_PREFIX_PATH}:/home/justin/sim_ws/install/sim_utils:/opt/ros/humble /usr/bin/cmake --build /home/justin/sim_ws/src/build/turtlebot3_gazebo -- -j8 -l8
[0.295s] Invoked command in '/home/justin/sim_ws/src/build/turtlebot3_gazebo' returned '0': CMAKE_PREFIX_PATH=${CMAKE_PREFIX_PATH}:/home/justin/sim_ws/install/sim_utils:/opt/ros/humble /usr/bin/cmake --build /home/justin/sim_ws/src/build/turtlebot3_gazebo -- -j8 -l8
[0.304s] Invoking command in '/home/justin/sim_ws/src/build/turtlebot3_gazebo': CMAKE_PREFIX_PATH=${CMAKE_PREFIX_PATH}:/home/justin/sim_ws/install/sim_utils:/opt/ros/humble /usr/bin/cmake --install /home/justin/sim_ws/src/build/turtlebot3_gazebo
[0.311s] -- Install configuration: ""
[0.311s] -- Up-to-date: /home/justin/sim_ws/src/install/turtlebot3_gazebo/share/turtlebot3_gazebo//launch
[0.311s] -- Up-to-date: /home/justin/sim_ws/src/install/turtlebot3_gazebo/share/turtlebot3_gazebo//launch/navigator.launch.py
[0.311s] -- Up-to-date: /home/justin/sim_ws/src/install/turtlebot3_gazebo/share/turtlebot3_gazebo//launch/spawn_turtlebot3.launch.py
[0.312s] -- Up-to-date: /home/justin/sim_ws/src/install/turtlebot3_gazebo/share/turtlebot3_gazebo//launch/turtlebot3_house_norviz.launch.py
[0.312s] -- Up-to-date: /home/justin/sim_ws/src/install/turtlebot3_gazebo/share/turtlebot3_gazebo//launch/mapper.launch.py
[0.312s] -- Up-to-date: /home/justin/sim_ws/src/install/turtlebot3_gazebo/share/turtlebot3_gazebo//launch/turtlebot3_house.launch.py
[0.312s] -- Up-to-date: /home/justin/sim_ws/src/install/turtlebot3_gazebo/share/turtlebot3_gazebo//launch/map_loader.launch.py
[0.312s] -- Up-to-date: /home/justin/sim_ws/src/install/turtlebot3_gazebo/share/turtlebot3_gazebo//launch/robot_state_publisher.launch.py
[0.313s] -- Up-to-date: /home/justin/sim_ws/src/install/turtlebot3_gazebo/share/turtlebot3_gazebo//launch/spawn_cricketball.launch.py
[0.313s] -- Up-to-date: /home/justin/sim_ws/src/install/turtlebot3_gazebo/share/turtlebot3_gazebo//launch/amcl.launch.py
[0.313s] -- Up-to-date: /home/justin/sim_ws/src/install/turtlebot3_gazebo/share/turtlebot3_gazebo//launch/task_6.launch.py
[0.313s] -- Up-to-date: /home/justin/sim_ws/src/install/turtlebot3_gazebo/share/turtlebot3_gazebo//models
[0.313s] -- Up-to-date: /home/justin/sim_ws/src/install/turtlebot3_gazebo/share/turtlebot3_gazebo//models/red_object
[0.313s] -- Up-to-date: /home/justin/sim_ws/src/install/turtlebot3_gazebo/share/turtlebot3_gazebo//models/red_object/model.sdf
[0.314s] -- Up-to-date: /home/justin/sim_ws/src/install/turtlebot3_gazebo/share/turtlebot3_gazebo//models/red_object/model.config
[0.314s] -- Up-to-date: /home/justin/sim_ws/src/install/turtlebot3_gazebo/share/turtlebot3_gazebo//models/red_object/model.rsdf
[0.314s] -- Up-to-date: /home/justin/sim_ws/src/install/turtlebot3_gazebo/share/turtlebot3_gazebo//models/turtlebot3_waffle
[0.314s] -- Up-to-date: /home/justin/sim_ws/src/install/turtlebot3_gazebo/share/turtlebot3_gazebo//models/turtlebot3_waffle/model.sdf
[0.314s] -- Up-to-date: /home/justin/sim_ws/src/install/turtlebot3_gazebo/share/turtlebot3_gazebo//models/turtlebot3_waffle/model.config
[0.314s] -- Up-to-date: /home/justin/sim_ws/src/install/turtlebot3_gazebo/share/turtlebot3_gazebo//models/cricket_ball
[0.314s] -- Up-to-date: /home/justin/sim_ws/src/install/turtlebot3_gazebo/share/turtlebot3_gazebo//models/cricket_ball/model.sdf
[0.314s] -- Up-to-date: /home/justin/sim_ws/src/install/turtlebot3_gazebo/share/turtlebot3_gazebo//models/cricket_ball/model.config
[0.315s] -- Up-to-date: /home/justin/sim_ws/src/install/turtlebot3_gazebo/share/turtlebot3_gazebo//models/cricket_ball/model.rsdf
[0.315s] -- Up-to-date: /home/justin/sim_ws/src/install/turtlebot3_gazebo/share/turtlebot3_gazebo//models/turtlebot3_house
[0.315s] -- Up-to-date: /home/justin/sim_ws/src/install/turtlebot3_gazebo/share/turtlebot3_gazebo//models/turtlebot3_house/model.sdf
[0.315s] -- Up-to-date: /home/justin/sim_ws/src/install/turtlebot3_gazebo/share/turtlebot3_gazebo//models/turtlebot3_house/model.config
[0.315s] -- Up-to-date: /home/justin/sim_ws/src/install/turtlebot3_gazebo/share/turtlebot3_gazebo//models/blue_object
[0.315s] -- Up-to-date: /home/justin/sim_ws/src/install/turtlebot3_gazebo/share/turtlebot3_gazebo//models/blue_object/model.sdf
[0.315s] -- Up-to-date: /home/justin/sim_ws/src/install/turtlebot3_gazebo/share/turtlebot3_gazebo//models/blue_object/model.config
[0.315s] -- Up-to-date: /home/justin/sim_ws/src/install/turtlebot3_gazebo/share/turtlebot3_gazebo//models/blue_object/model.rsdf
[0.315s] -- Up-to-date: /home/justin/sim_ws/src/install/turtlebot3_gazebo/share/turtlebot3_gazebo//models/trash_can
[0.315s] -- Up-to-date: /home/justin/sim_ws/src/install/turtlebot3_gazebo/share/turtlebot3_gazebo//models/trash_can/model.sdf
[0.315s] -- Up-to-date: /home/justin/sim_ws/src/install/turtlebot3_gazebo/share/turtlebot3_gazebo//models/trash_can/model.config
[0.316s] -- Up-to-date: /home/justin/sim_ws/src/install/turtlebot3_gazebo/share/turtlebot3_gazebo//models/trash_can/meshes
[0.316s] -- Up-to-date: /home/justin/sim_ws/src/install/turtlebot3_gazebo/share/turtlebot3_gazebo//models/trash_can/meshes/trash_can.dae
[0.316s] -- Up-to-date: /home/justin/sim_ws/src/install/turtlebot3_gazebo/share/turtlebot3_gazebo//models/green_object
[0.316s] -- Up-to-date: /home/justin/sim_ws/src/install/turtlebot3_gazebo/share/turtlebot3_gazebo//models/green_object/model.sdf
[0.316s] -- Up-to-date: /home/justin/sim_ws/src/install/turtlebot3_gazebo/share/turtlebot3_gazebo//models/green_object/model.config
[0.316s] -- Up-to-date: /home/justin/sim_ws/src/install/turtlebot3_gazebo/share/turtlebot3_gazebo//models/green_object/model.rsdf
[0.317s] -- Up-to-date: /home/justin/sim_ws/src/install/turtlebot3_gazebo/share/turtlebot3_gazebo//models/turtlebot3_common
[0.317s] -- Up-to-date: /home/justin/sim_ws/src/install/turtlebot3_gazebo/share/turtlebot3_gazebo//models/turtlebot3_common/model.config
[0.317s] -- Up-to-date: /home/justin/sim_ws/src/install/turtlebot3_gazebo/share/turtlebot3_gazebo//models/turtlebot3_common/meshes
[0.317s] -- Up-to-date: /home/justin/sim_ws/src/install/turtlebot3_gazebo/share/turtlebot3_gazebo//models/turtlebot3_common/meshes/burger_base.dae
[0.317s] -- Up-to-date: /home/justin/sim_ws/src/install/turtlebot3_gazebo/share/turtlebot3_gazebo//models/turtlebot3_common/meshes/r200.dae
[0.317s] -- Up-to-date: /home/justin/sim_ws/src/install/turtlebot3_gazebo/share/turtlebot3_gazebo//models/turtlebot3_common/meshes/waffle_base.dae
[0.317s] -- Up-to-date: /home/justin/sim_ws/src/install/turtlebot3_gazebo/share/turtlebot3_gazebo//models/turtlebot3_common/meshes/tire.dae
[0.317s] -- Up-to-date: /home/justin/sim_ws/src/install/turtlebot3_gazebo/share/turtlebot3_gazebo//models/turtlebot3_common/meshes/lds.dae
[0.317s] -- Up-to-date: /home/justin/sim_ws/src/install/turtlebot3_gazebo/share/turtlebot3_gazebo//rviz
[0.317s] -- Up-to-date: /home/justin/sim_ws/src/install/turtlebot3_gazebo/share/turtlebot3_gazebo//rviz/tb3_gazebo.rviz
[0.317s] -- Up-to-date: /home/justin/sim_ws/src/install/turtlebot3_gazebo/share/turtlebot3_gazebo//urdf
[0.318s] -- Up-to-date: /home/justin/sim_ws/src/install/turtlebot3_gazebo/share/turtlebot3_gazebo//urdf/turtlebot3_waffle.urdf
[0.318s] -- Up-to-date: /home/justin/sim_ws/src/install/turtlebot3_gazebo/share/turtlebot3_gazebo//worlds
[0.318s] -- Up-to-date: /home/justin/sim_ws/src/install/turtlebot3_gazebo/share/turtlebot3_gazebo//worlds/turtlebot3_house.world
[0.318s] -- Up-to-date: /home/justin/sim_ws/src/install/turtlebot3_gazebo/share/turtlebot3_gazebo//worlds/empty_world.world
[0.318s] -- Up-to-date: /home/justin/sim_ws/src/install/turtlebot3_gazebo/share/turtlebot3_gazebo//worlds/house_closed.world
[0.318s] -- Up-to-date: /home/justin/sim_ws/src/install/turtlebot3_gazebo/share/turtlebot3_gazebo//maps
[0.318s] -- Up-to-date: /home/justin/sim_ws/src/install/turtlebot3_gazebo/share/turtlebot3_gazebo//maps/map.pgm
[0.318s] -- Up-to-date: /home/justin/sim_ws/src/install/turtlebot3_gazebo/share/turtlebot3_gazebo//maps/map.yaml
[0.318s] -- Up-to-date: /home/justin/sim_ws/src/install/turtlebot3_gazebo/share/turtlebot3_gazebo//params
[0.319s] -- Up-to-date: /home/justin/sim_ws/src/install/turtlebot3_gazebo/share/turtlebot3_gazebo//params/map_server.yaml
[0.319s] -- Up-to-date: /home/justin/sim_ws/src/install/turtlebot3_gazebo/share/turtlebot3_gazebo//params/mapper_params_online_async.yaml
[0.319s] -- Up-to-date: /home/justin/sim_ws/src/install/turtlebot3_gazebo/share/turtlebot3_gazebo//params/amcl.yaml
[0.319s] -- Up-to-date: /home/justin/sim_ws/src/install/turtlebot3_gazebo/lib/turtlebot3_gazebo/task1.py
[0.319s] -- Up-to-date: /home/justin/sim_ws/src/install/turtlebot3_gazebo/lib/turtlebot3_gazebo/task2.py
[0.319s] -- Up-to-date: /home/justin/sim_ws/src/install/turtlebot3_gazebo/lib/turtlebot3_gazebo/task3.py
[0.319s] -- Up-to-date: /home/justin/sim_ws/src/install/turtlebot3_gazebo/lib/turtlebot3_gazebo/static_obstacles.py
[0.319s] -- Up-to-date: /home/justin/sim_ws/src/install/turtlebot3_gazebo/lib/turtlebot3_gazebo/spawn_objects.py
[0.320s] -- Up-to-date: /home/justin/sim_ws/src/install/turtlebot3_gazebo/share/ament_index/resource_index/package_run_dependencies/turtlebot3_gazebo
[0.320s] -- Up-to-date: /home/justin/sim_ws/src/install/turtlebot3_gazebo/share/ament_index/resource_index/parent_prefix_path/turtlebot3_gazebo
[0.320s] -- Up-to-date: /home/justin/sim_ws/src/install/turtlebot3_gazebo/share/turtlebot3_gazebo/environment/ament_prefix_path.sh
[0.320s] -- Up-to-date: /home/justin/sim_ws/src/install/turtlebot3_gazebo/share/turtlebot3_gazebo/environment/ament_prefix_path.dsv
[0.320s] -- Up-to-date: /home/justin/sim_ws/src/install/turtlebot3_gazebo/share/turtlebot3_gazebo/environment/path.sh
[0.320s] -- Up-to-date: /home/justin/sim_ws/src/install/turtlebot3_gazebo/share/turtlebot3_gazebo/environment/path.dsv
[0.320s] -- Up-to-date: /home/justin/sim_ws/src/install/turtlebot3_gazebo/share/turtlebot3_gazebo/local_setup.bash
[0.320s] -- Up-to-date: /home/justin/sim_ws/src/install/turtlebot3_gazebo/share/turtlebot3_gazebo/local_setup.sh
[0.320s] -- Up-to-date: /home/justin/sim_ws/src/install/turtlebot3_gazebo/share/turtlebot3_gazebo/local_setup.zsh
[0.320s] -- Up-to-date: /home/justin/sim_ws/src/install/turtlebot3_gazebo/share/turtlebot3_gazebo/local_setup.dsv
[0.320s] -- Up-to-date: /home/justin/sim_ws/src/install/turtlebot3_gazebo/share/turtlebot3_gazebo/package.dsv
[0.320s] -- Up-to-date: /home/justin/sim_ws/src/install/turtlebot3_gazebo/share/ament_index/resource_index/packages/turtlebot3_gazebo
[0.320s] -- Up-to-date: /home/justin/sim_ws/src/install/turtlebot3_gazebo/share/turtlebot3_gazebo/cmake/ament_cmake_export_include_directories-extras.cmake
[0.321s] -- Up-to-date: /home/justin/sim_ws/src/install/turtlebot3_gazebo/share/turtlebot3_gazebo/cmake/ament_cmake_export_dependencies-extras.cmake
[0.321s] -- Up-to-date: /home/justin/sim_ws/src/install/turtlebot3_gazebo/share/turtlebot3_gazebo/cmake/turtlebot3_gazeboConfig.cmake
[0.321s] -- Up-to-date: /home/justin/sim_ws/src/install/turtlebot3_gazebo/share/turtlebot3_gazebo/cmake/turtlebot3_gazeboConfig-version.cmake
[0.321s] -- Up-to-date: /home/justin/sim_ws/src/install/turtlebot3_gazebo/share/turtlebot3_gazebo/package.xml
[0.321s] Invoked command in '/home/justin/sim_ws/src/build/turtlebot3_gazebo' returned '0': CMAKE_PREFIX_PATH=${CMAKE_PREFIX_PATH}:/home/justin/sim_ws/install/sim_utils:/opt/ros/humble /usr/bin/cmake --install /home/justin/sim_ws/src/build/turtlebot3_gazebo
