-- The C compiler identification is GNU 11.4.0
-- The CXX compiler identification is GNU 11.4.0
-- Detecting C compiler ABI info
-- Detecting C compiler ABI info - done
-- Check for working C compiler: /usr/bin/cc - skipped
-- Detecting C compile features
-- Detecting C compile features - done
-- Detecting CXX compiler ABI info
-- Detecting CXX compiler ABI info - done
-- Check for working CXX compiler: /usr/bin/c++ - skipped
-- Detecting CXX compile features
-- Detecting CXX compile features - done
-- Found ament_cmake: 1.3.11 (/opt/ros/humble/share/ament_cmake/cmake)
-- Found Python3: /usr/bin/python3 (found version "3.10.12") found components: Interpreter 
-- Found PkgConfig: /usr/bin/pkg-config (found version "0.29.2") 
-- Checking for module 'bullet>=2.82'
--   Found bullet, version 3.05
-- Found fcl: /usr/include (found suitable version "0.7.0", minimum required is "0.5.0") 
-- Found assimp: /usr/include (found version "5.2.0") 
-- Found DART: /usr/include (Required is at least version "6.6") found components: dart 
-- Found Boost: /usr/lib/x86_64-linux-gnu/cmake/Boost-1.74.0/BoostConfig.cmake (found suitable version "1.74.0", minimum required is "1.40.0") found components: thread system filesystem program_options regex iostreams date_time 
-- Found Protobuf: /usr/lib/x86_64-linux-gnu/libprotobuf.so (found version "3.12.4") 
-- Looking for ignition-math6 -- found version 6.15.1
-- Searching for dependencies of ignition-math6
-- Looking for OGRE...
-- OGRE_PREFIX_WATCH changed.
-- Checking for module 'OGRE'
--   Found OGRE, version 1.9.0
-- Found Ogre Ghadamon (1.9.0)
-- Found OGRE: optimized;/usr/lib/x86_64-linux-gnu/libOgreMain.so;debug;/usr/lib/x86_64-linux-gnu/libOgreMain.so
-- Looking for OGRE_Paging...
-- Found OGRE_Paging: optimized;/usr/lib/x86_64-linux-gnu/libOgrePaging.so;debug;/usr/lib/x86_64-linux-gnu/libOgrePaging.so
-- Looking for OGRE_Terrain...
-- Found OGRE_Terrain: optimized;/usr/lib/x86_64-linux-gnu/libOgreTerrain.so;debug;/usr/lib/x86_64-linux-gnu/libOgreTerrain.so
-- Looking for OGRE_Property...
-- Found OGRE_Property: optimized;/usr/lib/x86_64-linux-gnu/libOgreProperty.so;debug;/usr/lib/x86_64-linux-gnu/libOgreProperty.so
-- Looking for OGRE_RTShaderSystem...
-- Found OGRE_RTShaderSystem: optimized;/usr/lib/x86_64-linux-gnu/libOgreRTShaderSystem.so;debug;/usr/lib/x86_64-linux-gnu/libOgreRTShaderSystem.so
-- Looking for OGRE_Volume...
-- Found OGRE_Volume: optimized;/usr/lib/x86_64-linux-gnu/libOgreVolume.so;debug;/usr/lib/x86_64-linux-gnu/libOgreVolume.so
-- Looking for OGRE_Overlay...
-- Found OGRE_Overlay: optimized;/usr/lib/x86_64-linux-gnu/libOgreOverlay.so;debug;/usr/lib/x86_64-linux-gnu/libOgreOverlay.so
-- Looking for ignition-math6 -- found version 6.15.1
-- Looking for ignition-transport8 -- found version 8.2.1
-- Searching for dependencies of ignition-transport8
-- Found Protobuf: /usr/lib/x86_64-linux-gnu/libprotobuf.so (found suitable version "3.12.4", minimum required is "3") 
-- Config-file not installed for ZeroMQ -- checking for pkg-config
-- Checking for module 'libzmq >= 4'
--   Found libzmq , version 4.3.4
-- Found ZeroMQ: TRUE (Required is at least version "4") 
-- Checking for module 'uuid'
--   Found uuid, version 2.37.2
-- Found UUID: TRUE  
-- Looking for ignition-msgs5 -- found version 5.8.1
-- Searching for dependencies of ignition-msgs5
-- Looking for ignition-math6 -- found version 6.15.1
-- Checking for module 'tinyxml2'
--   Found tinyxml2, version 9.0.0
-- Looking for ignition-msgs5 -- found version 5.8.1
-- Looking for ignition-common3 -- found version 3.14.0
-- Searching for dependencies of ignition-common3
-- Looking for dlfcn.h - found
-- Looking for libdl - found
-- Found DL: TRUE  
-- Found tinyobjloader: /usr/lib/x86_64-linux-gnu/cmake/tinyobjloader/tinyobjloader-config.cmake (found version "2.0.0") 
-- Searching for <ignition-common3> component [graphics]
-- Looking for ignition-common3-graphics -- found version 3.14.0
-- Searching for dependencies of ignition-common3-graphics
-- Looking for ignition-math6 -- found version 6.15.1
-- Looking for ignition-fuel_tools4 -- found version 4.4.0
-- Searching for dependencies of ignition-fuel_tools4
-- Found CURL: /usr/lib/x86_64-linux-gnu/libcurl.so (found version "7.81.0")  
-- Checking for module 'jsoncpp'
--   Found jsoncpp, version 1.9.5
-- Found JSONCPP: TRUE  
-- Checking for module 'libzip'
--   Found libzip, version 1.7.3
-- Found ZIP: TRUE  
-- Looking for ignition-common3 -- found version 3.14.0
-- Looking for ignition-math6 -- found version 6.15.1
-- Looking for ignition-msgs5 -- found version 5.8.1
-- Found gazebo_ros_pkgs: 3.9.0 (/opt/ros/humble/share/gazebo_ros_pkgs/cmake)
-- Configuring done
-- Generating done
-- Build files have been written to: /home/justin/sim_ws/src/build/turtlebot3_gazebo
-- Install configuration: ""
-- Installing: /home/justin/sim_ws/src/install/turtlebot3_gazebo/share/turtlebot3_gazebo//launch
-- Installing: /home/justin/sim_ws/src/install/turtlebot3_gazebo/share/turtlebot3_gazebo//launch/navigator.launch.py
-- Installing: /home/justin/sim_ws/src/install/turtlebot3_gazebo/share/turtlebot3_gazebo//launch/spawn_turtlebot3.launch.py
-- Installing: /home/justin/sim_ws/src/install/turtlebot3_gazebo/share/turtlebot3_gazebo//launch/turtlebot3_house_norviz.launch.py
-- Installing: /home/justin/sim_ws/src/install/turtlebot3_gazebo/share/turtlebot3_gazebo//launch/mapper.launch.py
-- Installing: /home/justin/sim_ws/src/install/turtlebot3_gazebo/share/turtlebot3_gazebo//launch/turtlebot3_house.launch.py
-- Installing: /home/justin/sim_ws/src/install/turtlebot3_gazebo/share/turtlebot3_gazebo//launch/map_loader.launch.py
-- Installing: /home/justin/sim_ws/src/install/turtlebot3_gazebo/share/turtlebot3_gazebo//launch/robot_state_publisher.launch.py
-- Installing: /home/justin/sim_ws/src/install/turtlebot3_gazebo/share/turtlebot3_gazebo//launch/spawn_cricketball.launch.py
-- Installing: /home/justin/sim_ws/src/install/turtlebot3_gazebo/share/turtlebot3_gazebo//launch/amcl.launch.py
-- Installing: /home/justin/sim_ws/src/install/turtlebot3_gazebo/share/turtlebot3_gazebo//launch/task_6.launch.py
-- Installing: /home/justin/sim_ws/src/install/turtlebot3_gazebo/share/turtlebot3_gazebo//models
-- Installing: /home/justin/sim_ws/src/install/turtlebot3_gazebo/share/turtlebot3_gazebo//models/red_object
-- Installing: /home/justin/sim_ws/src/install/turtlebot3_gazebo/share/turtlebot3_gazebo//models/red_object/model.sdf
-- Installing: /home/justin/sim_ws/src/install/turtlebot3_gazebo/share/turtlebot3_gazebo//models/red_object/model.config
-- Installing: /home/justin/sim_ws/src/install/turtlebot3_gazebo/share/turtlebot3_gazebo//models/red_object/model.rsdf
-- Installing: /home/justin/sim_ws/src/install/turtlebot3_gazebo/share/turtlebot3_gazebo//models/turtlebot3_waffle
-- Installing: /home/justin/sim_ws/src/install/turtlebot3_gazebo/share/turtlebot3_gazebo//models/turtlebot3_waffle/model.sdf
-- Installing: /home/justin/sim_ws/src/install/turtlebot3_gazebo/share/turtlebot3_gazebo//models/turtlebot3_waffle/model.config
-- Installing: /home/justin/sim_ws/src/install/turtlebot3_gazebo/share/turtlebot3_gazebo//models/cricket_ball
-- Installing: /home/justin/sim_ws/src/install/turtlebot3_gazebo/share/turtlebot3_gazebo//models/cricket_ball/model.sdf
-- Installing: /home/justin/sim_ws/src/install/turtlebot3_gazebo/share/turtlebot3_gazebo//models/cricket_ball/model.config
-- Installing: /home/justin/sim_ws/src/install/turtlebot3_gazebo/share/turtlebot3_gazebo//models/cricket_ball/model.rsdf
-- Installing: /home/justin/sim_ws/src/install/turtlebot3_gazebo/share/turtlebot3_gazebo//models/turtlebot3_house
-- Installing: /home/justin/sim_ws/src/install/turtlebot3_gazebo/share/turtlebot3_gazebo//models/turtlebot3_house/model.sdf
-- Installing: /home/justin/sim_ws/src/install/turtlebot3_gazebo/share/turtlebot3_gazebo//models/turtlebot3_house/model.config
-- Installing: /home/justin/sim_ws/src/install/turtlebot3_gazebo/share/turtlebot3_gazebo//models/blue_object
-- Installing: /home/justin/sim_ws/src/install/turtlebot3_gazebo/share/turtlebot3_gazebo//models/blue_object/model.sdf
-- Installing: /home/justin/sim_ws/src/install/turtlebot3_gazebo/share/turtlebot3_gazebo//models/blue_object/model.config
-- Installing: /home/justin/sim_ws/src/install/turtlebot3_gazebo/share/turtlebot3_gazebo//models/blue_object/model.rsdf
-- Installing: /home/justin/sim_ws/src/install/turtlebot3_gazebo/share/turtlebot3_gazebo//models/trash_can
-- Installing: /home/justin/sim_ws/src/install/turtlebot3_gazebo/share/turtlebot3_gazebo//models/trash_can/model.sdf
-- Installing: /home/justin/sim_ws/src/install/turtlebot3_gazebo/share/turtlebot3_gazebo//models/trash_can/model.config
-- Installing: /home/justin/sim_ws/src/install/turtlebot3_gazebo/share/turtlebot3_gazebo//models/trash_can/meshes
-- Installing: /home/justin/sim_ws/src/install/turtlebot3_gazebo/share/turtlebot3_gazebo//models/trash_can/meshes/trash_can.dae
-- Installing: /home/justin/sim_ws/src/install/turtlebot3_gazebo/share/turtlebot3_gazebo//models/green_object
-- Installing: /home/justin/sim_ws/src/install/turtlebot3_gazebo/share/turtlebot3_gazebo//models/green_object/model.sdf
-- Installing: /home/justin/sim_ws/src/install/turtlebot3_gazebo/share/turtlebot3_gazebo//models/green_object/model.config
-- Installing: /home/justin/sim_ws/src/install/turtlebot3_gazebo/share/turtlebot3_gazebo//models/green_object/model.rsdf
-- Installing: /home/justin/sim_ws/src/install/turtlebot3_gazebo/share/turtlebot3_gazebo//models/turtlebot3_common
-- Installing: /home/justin/sim_ws/src/install/turtlebot3_gazebo/share/turtlebot3_gazebo//models/turtlebot3_common/model.config
-- Installing: /home/justin/sim_ws/src/install/turtlebot3_gazebo/share/turtlebot3_gazebo//models/turtlebot3_common/meshes
-- Installing: /home/justin/sim_ws/src/install/turtlebot3_gazebo/share/turtlebot3_gazebo//models/turtlebot3_common/meshes/burger_base.dae
-- Installing: /home/justin/sim_ws/src/install/turtlebot3_gazebo/share/turtlebot3_gazebo//models/turtlebot3_common/meshes/r200.dae
-- Installing: /home/justin/sim_ws/src/install/turtlebot3_gazebo/share/turtlebot3_gazebo//models/turtlebot3_common/meshes/waffle_base.dae
-- Installing: /home/justin/sim_ws/src/install/turtlebot3_gazebo/share/turtlebot3_gazebo//models/turtlebot3_common/meshes/tire.dae
-- Installing: /home/justin/sim_ws/src/install/turtlebot3_gazebo/share/turtlebot3_gazebo//models/turtlebot3_common/meshes/lds.dae
-- Installing: /home/justin/sim_ws/src/install/turtlebot3_gazebo/share/turtlebot3_gazebo//rviz
-- Installing: /home/justin/sim_ws/src/install/turtlebot3_gazebo/share/turtlebot3_gazebo//rviz/tb3_gazebo.rviz
-- Installing: /home/justin/sim_ws/src/install/turtlebot3_gazebo/share/turtlebot3_gazebo//urdf
-- Installing: /home/justin/sim_ws/src/install/turtlebot3_gazebo/share/turtlebot3_gazebo//urdf/turtlebot3_waffle.urdf
-- Installing: /home/justin/sim_ws/src/install/turtlebot3_gazebo/share/turtlebot3_gazebo//worlds
-- Installing: /home/justin/sim_ws/src/install/turtlebot3_gazebo/share/turtlebot3_gazebo//worlds/turtlebot3_house.world
-- Installing: /home/justin/sim_ws/src/install/turtlebot3_gazebo/share/turtlebot3_gazebo//worlds/empty_world.world
-- Installing: /home/justin/sim_ws/src/install/turtlebot3_gazebo/share/turtlebot3_gazebo//worlds/house_closed.world
-- Installing: /home/justin/sim_ws/src/install/turtlebot3_gazebo/share/turtlebot3_gazebo//maps
-- Installing: /home/justin/sim_ws/src/install/turtlebot3_gazebo/share/turtlebot3_gazebo//maps/map.pgm
-- Installing: /home/justin/sim_ws/src/install/turtlebot3_gazebo/share/turtlebot3_gazebo//maps/map.yaml
-- Installing: /home/justin/sim_ws/src/install/turtlebot3_gazebo/share/turtlebot3_gazebo//params
-- Installing: /home/justin/sim_ws/src/install/turtlebot3_gazebo/share/turtlebot3_gazebo//params/map_server.yaml
-- Installing: /home/justin/sim_ws/src/install/turtlebot3_gazebo/share/turtlebot3_gazebo//params/mapper_params_online_async.yaml
-- Installing: /home/justin/sim_ws/src/install/turtlebot3_gazebo/share/turtlebot3_gazebo//params/amcl.yaml
-- Installing: /home/justin/sim_ws/src/install/turtlebot3_gazebo/lib/turtlebot3_gazebo/task1.py
-- Installing: /home/justin/sim_ws/src/install/turtlebot3_gazebo/lib/turtlebot3_gazebo/task2.py
-- Installing: /home/justin/sim_ws/src/install/turtlebot3_gazebo/lib/turtlebot3_gazebo/task3.py
-- Installing: /home/justin/sim_ws/src/install/turtlebot3_gazebo/lib/turtlebot3_gazebo/static_obstacles.py
-- Installing: /home/justin/sim_ws/src/install/turtlebot3_gazebo/lib/turtlebot3_gazebo/spawn_objects.py
-- Installing: /home/justin/sim_ws/src/install/turtlebot3_gazebo/share/ament_index/resource_index/package_run_dependencies/turtlebot3_gazebo
-- Installing: /home/justin/sim_ws/src/install/turtlebot3_gazebo/share/ament_index/resource_index/parent_prefix_path/turtlebot3_gazebo
-- Installing: /home/justin/sim_ws/src/install/turtlebot3_gazebo/share/turtlebot3_gazebo/environment/ament_prefix_path.sh
-- Installing: /home/justin/sim_ws/src/install/turtlebot3_gazebo/share/turtlebot3_gazebo/environment/ament_prefix_path.dsv
-- Installing: /home/justin/sim_ws/src/install/turtlebot3_gazebo/share/turtlebot3_gazebo/environment/path.sh
-- Installing: /home/justin/sim_ws/src/install/turtlebot3_gazebo/share/turtlebot3_gazebo/environment/path.dsv
-- Installing: /home/justin/sim_ws/src/install/turtlebot3_gazebo/share/turtlebot3_gazebo/local_setup.bash
-- Installing: /home/justin/sim_ws/src/install/turtlebot3_gazebo/share/turtlebot3_gazebo/local_setup.sh
-- Installing: /home/justin/sim_ws/src/install/turtlebot3_gazebo/share/turtlebot3_gazebo/local_setup.zsh
-- Installing: /home/justin/sim_ws/src/install/turtlebot3_gazebo/share/turtlebot3_gazebo/local_setup.dsv
-- Installing: /home/justin/sim_ws/src/install/turtlebot3_gazebo/share/turtlebot3_gazebo/package.dsv
-- Installing: /home/justin/sim_ws/src/install/turtlebot3_gazebo/share/ament_index/resource_index/packages/turtlebot3_gazebo
-- Installing: /home/justin/sim_ws/src/install/turtlebot3_gazebo/share/turtlebot3_gazebo/cmake/ament_cmake_export_include_directories-extras.cmake
-- Installing: /home/justin/sim_ws/src/install/turtlebot3_gazebo/share/turtlebot3_gazebo/cmake/ament_cmake_export_dependencies-extras.cmake
-- Installing: /home/justin/sim_ws/src/install/turtlebot3_gazebo/share/turtlebot3_gazebo/cmake/turtlebot3_gazeboConfig.cmake
-- Installing: /home/justin/sim_ws/src/install/turtlebot3_gazebo/share/turtlebot3_gazebo/cmake/turtlebot3_gazeboConfig-version.cmake
-- Installing: /home/justin/sim_ws/src/install/turtlebot3_gazebo/share/turtlebot3_gazebo/package.xml
