running egg_info
creating ../build/sim_utils/sim_utils.egg-info
writing ../build/sim_utils/sim_utils.egg-info/PKG-INFO
writing dependency_links to ../build/sim_utils/sim_utils.egg-info/dependency_links.txt
writing entry points to ../build/sim_utils/sim_utils.egg-info/entry_points.txt
writing requirements to ../build/sim_utils/sim_utils.egg-info/requires.txt
writing top-level names to ../build/sim_utils/sim_utils.egg-info/top_level.txt
writing manifest file '../build/sim_utils/sim_utils.egg-info/SOURCES.txt'
reading manifest file '../build/sim_utils/sim_utils.egg-info/SOURCES.txt'
writing manifest file '../build/sim_utils/sim_utils.egg-info/SOURCES.txt'
running build
running build_py
creating /home/justin/sim_ws/src/build/sim_utils/build
creating /home/justin/sim_ws/src/build/sim_utils/build/lib
creating /home/justin/sim_ws/src/build/sim_utils/build/lib/sim_utils
copying sim_utils/red_ball_control.py -> /home/justin/sim_ws/src/build/sim_utils/build/lib/sim_utils
copying sim_utils/__init__.py -> /home/justin/sim_ws/src/build/sim_utils/build/lib/sim_utils
running install
running install_lib
creating /home/justin/sim_ws/src/install/sim_utils/lib/python3.10/site-packages/sim_utils
copying /home/justin/sim_ws/src/build/sim_utils/build/lib/sim_utils/red_ball_control.py -> /home/justin/sim_ws/src/install/sim_utils/lib/python3.10/site-packages/sim_utils
copying /home/justin/sim_ws/src/build/sim_utils/build/lib/sim_utils/__init__.py -> /home/justin/sim_ws/src/install/sim_utils/lib/python3.10/site-packages/sim_utils
byte-compiling /home/justin/sim_ws/src/install/sim_utils/lib/python3.10/site-packages/sim_utils/red_ball_control.py to red_ball_control.cpython-310.pyc
byte-compiling /home/justin/sim_ws/src/install/sim_utils/lib/python3.10/site-packages/sim_utils/__init__.py to __init__.cpython-310.pyc
running install_data
creating /home/justin/sim_ws/src/install/sim_utils/share/ament_index
creating /home/justin/sim_ws/src/install/sim_utils/share/ament_index/resource_index
creating /home/justin/sim_ws/src/install/sim_utils/share/ament_index/resource_index/packages
copying resource/sim_utils -> /home/justin/sim_ws/src/install/sim_utils/share/ament_index/resource_index/packages
copying package.xml -> /home/justin/sim_ws/src/install/sim_utils/share/sim_utils
running install_egg_info
Copying ../build/sim_utils/sim_utils.egg-info to /home/justin/sim_ws/src/install/sim_utils/lib/python3.10/site-packages/sim_utils-0.0.0-py3.10.egg-info
running install_scripts
Installing red_ball_controller script to /home/justin/sim_ws/src/install/sim_utils/lib/sim_utils
writing list of installed files to '/home/justin/sim_ws/src/build/sim_utils/install.log'
