[0.575s] Invoking command in '/home/justin/sim_ws/src/sim_utils': PYTHONPATH=/home/justin/sim_ws/src/build/sim_utils/prefix_override:/usr/lib/python3/dist-packages/colcon_core/task/python/colcon_distutils_commands:/home/justin/sim_ws/src/install/sim_utils/lib/python3.10/site-packages:${PYTHONPATH} /usr/bin/python3 -W ignore:setup.py install is deprecated -W ignore:easy_install command is deprecated setup.py egg_info --egg-base ../build/sim_utils build --build-base /home/justin/sim_ws/src/build/sim_utils/build install --record /home/justin/sim_ws/src/build/sim_utils/install.log --single-version-externally-managed install_data
[0.803s] running egg_info
[0.803s] creating ../build/sim_utils/sim_utils.egg-info
[0.804s] writing ../build/sim_utils/sim_utils.egg-info/PKG-INFO
[0.804s] writing dependency_links to ../build/sim_utils/sim_utils.egg-info/dependency_links.txt
[0.804s] writing entry points to ../build/sim_utils/sim_utils.egg-info/entry_points.txt
[0.804s] writing requirements to ../build/sim_utils/sim_utils.egg-info/requires.txt
[0.804s] writing top-level names to ../build/sim_utils/sim_utils.egg-info/top_level.txt
[0.804s] writing manifest file '../build/sim_utils/sim_utils.egg-info/SOURCES.txt'
[0.806s] reading manifest file '../build/sim_utils/sim_utils.egg-info/SOURCES.txt'
[0.806s] writing manifest file '../build/sim_utils/sim_utils.egg-info/SOURCES.txt'
[0.806s] running build
[0.807s] running build_py
[0.807s] creating /home/justin/sim_ws/src/build/sim_utils/build
[0.807s] creating /home/justin/sim_ws/src/build/sim_utils/build/lib
[0.807s] creating /home/justin/sim_ws/src/build/sim_utils/build/lib/sim_utils
[0.807s] copying sim_utils/red_ball_control.py -> /home/justin/sim_ws/src/build/sim_utils/build/lib/sim_utils
[0.807s] copying sim_utils/__init__.py -> /home/justin/sim_ws/src/build/sim_utils/build/lib/sim_utils
[0.807s] running install
[0.807s] running install_lib
[0.809s] creating /home/justin/sim_ws/src/install/sim_utils/lib/python3.10/site-packages/sim_utils
[0.809s] copying /home/justin/sim_ws/src/build/sim_utils/build/lib/sim_utils/red_ball_control.py -> /home/justin/sim_ws/src/install/sim_utils/lib/python3.10/site-packages/sim_utils
[0.809s] copying /home/justin/sim_ws/src/build/sim_utils/build/lib/sim_utils/__init__.py -> /home/justin/sim_ws/src/install/sim_utils/lib/python3.10/site-packages/sim_utils
[0.809s] byte-compiling /home/justin/sim_ws/src/install/sim_utils/lib/python3.10/site-packages/sim_utils/red_ball_control.py to red_ball_control.cpython-310.pyc
[0.810s] byte-compiling /home/justin/sim_ws/src/install/sim_utils/lib/python3.10/site-packages/sim_utils/__init__.py to __init__.cpython-310.pyc
[0.810s] running install_data
[0.811s] creating /home/justin/sim_ws/src/install/sim_utils/share/ament_index
[0.811s] creating /home/justin/sim_ws/src/install/sim_utils/share/ament_index/resource_index
[0.811s] creating /home/justin/sim_ws/src/install/sim_utils/share/ament_index/resource_index/packages
[0.811s] copying resource/sim_utils -> /home/justin/sim_ws/src/install/sim_utils/share/ament_index/resource_index/packages
[0.811s] copying package.xml -> /home/justin/sim_ws/src/install/sim_utils/share/sim_utils
[0.811s] running install_egg_info
[0.813s] Copying ../build/sim_utils/sim_utils.egg-info to /home/justin/sim_ws/src/install/sim_utils/lib/python3.10/site-packages/sim_utils-0.0.0-py3.10.egg-info
[0.814s] running install_scripts
[0.836s] Installing red_ball_controller script to /home/justin/sim_ws/src/install/sim_utils/lib/sim_utils
[0.836s] writing list of installed files to '/home/justin/sim_ws/src/build/sim_utils/install.log'
[0.868s] Invoked command in '/home/justin/sim_ws/src/sim_utils' returned '0': PYTHONPATH=/home/justin/sim_ws/src/build/sim_utils/prefix_override:/usr/lib/python3/dist-packages/colcon_core/task/python/colcon_distutils_commands:/home/justin/sim_ws/src/install/sim_utils/lib/python3.10/site-packages:${PYTHONPATH} /usr/bin/python3 -W ignore:setup.py install is deprecated -W ignore:easy_install command is deprecated setup.py egg_info --egg-base ../build/sim_utils build --build-base /home/justin/sim_ws/src/build/sim_utils/build install --record /home/justin/sim_ws/src/build/sim_utils/install.log --single-version-externally-managed install_data
